#
# There is insufficient memory for the Java Runtime Environment to continue.
# Native memory allocation (mmap) failed to map 134217728 bytes. Error detail: G1 virtual space
# Possible reasons:
#   The system is out of physical RAM or swap space
#   This process is running with CompressedOops enabled, and the Java Heap may be blocking the growth of the native heap
# Possible solutions:
#   Reduce memory load on the system
#   Increase physical memory or swap space
#   Check if swap backing store is full
#   Decrease Java heap size (-Xmx/-Xms)
#   Decrease number of Java threads
#   Decrease Java thread stack sizes (-Xss)
#   Set larger code cache with -XX:ReservedCodeCacheSize=
#   JVM is running with Unscaled Compressed Oops mode in which the Java heap is
#     placed in the first 4GB address space. The Java Heap base address is the
#     maximum limit for the native heap growth. Please use -XX:HeapBaseMinAddress
#     to set the Java Heap base and to place the Java Heap above 4GB virtual address.
# This output file may be truncated or incomplete.
#
#  Out of Memory Error (os_windows.cpp:3898), pid=5712, tid=6768
#
# JRE version:  (21.0.6+8) (build )
# Java VM: OpenJDK 64-Bit Server VM (21.0.6+8-b631.39, mixed mode, sharing, tiered, compressed oops, compressed class ptrs, g1 gc, windows-amd64)
# No core dump will be written. Minidumps are not enabled by default on client versions of Windows
#

---------------  S U M M A R Y ------------

Command Line: git4idea.http.GitAskPassApp Username for 'https://github.com': 

Host: Intel(R) Core(TM) i7-6600U CPU @ 2.60GHz, 4 cores, 7G,  Windows 10 , 64 bit Build 19041 (10.0.19041.5438)
Time: Thu Apr 10 17:11:16 2025 Egypt Standard Time elapsed time: 0.031388 seconds (0d 0h 0m 0s)

---------------  T H R E A D  ---------------

Current thread (0x000001c699ba1b90):  JavaThread "Unknown thread" [_thread_in_vm, id=6768, stack(0x0000005c80a00000,0x0000005c80b00000) (1024K)]

Stack: [0x0000005c80a00000,0x0000005c80b00000]
Native frames: (J=compiled Java code, j=interpreted, Vv=VM code, C=native code)
V  [jvm.dll+0x6e5d39]
V  [jvm.dll+0x8c4133]
V  [jvm.dll+0x8c668e]
V  [jvm.dll+0x8c6d73]
V  [jvm.dll+0x288f76]
V  [jvm.dll+0x6e25f5]
V  [jvm.dll+0x6d60aa]
V  [jvm.dll+0x3635bb]
V  [jvm.dll+0x36b186]
V  [jvm.dll+0x3bd4b6]
V  [jvm.dll+0x3bd788]
V  [jvm.dll+0x335d2c]
V  [jvm.dll+0x336a1b]
V  [jvm.dll+0x88b589]
V  [jvm.dll+0x3ca688]
V  [jvm.dll+0x874698]
V  [jvm.dll+0x45f04e]
V  [jvm.dll+0x460d31]
C  [jli.dll+0x52ab]
C  [ucrtbase.dll+0x21bb2]
C  [KERNEL32.DLL+0x17374]
C  [ntdll.dll+0x4cc91]


---------------  P R O C E S S  ---------------

Threads class SMR info:
_java_thread_list=0x00007ff86322a148, length=0, elements={
}

Java Threads: ( => current thread )
Total: 0

Other Threads:
  0x000001c69be61810 WorkerThread "GC Thread#0"                     [id=9172, stack(0x0000005c80b00000,0x0000005c80c00000) (1024K)]
  0x000001c69be733d0 ConcurrentGCThread "G1 Main Marker"            [id=11520, stack(0x0000005c80c00000,0x0000005c80d00000) (1024K)]
  0x000001c69be73de0 WorkerThread "G1 Conc#0"                       [id=9488, stack(0x0000005c80d00000,0x0000005c80e00000) (1024K)]

[error occurred during error reporting (printing all threads), id 0xc0000005, EXCEPTION_ACCESS_VIOLATION (0xc0000005) at pc=0x00007ff862918de7]
VM state: not at safepoint (not fully initialized)

VM Mutex/Monitor currently owned by a thread:  ([mutex/lock_event])
[0x00007ff86329eb30] Heap_lock - owner thread: 0x000001c699ba1b90

Heap address: 0x0000000081a00000, size: 2022 MB, Compressed Oops mode: 32-bit

CDS archive(s) mapped at: [0x0000000000000000-0x0000000000000000-0x0000000000000000), size 0, SharedBaseAddress: 0x0000000800000000, ArchiveRelocationMode: 1.
Narrow klass base: 0x0000000000000000, Narrow klass shift: 0, Narrow klass range: 0x0

GC Precious Log:
 CardTable entry size: 512
 Card Set container configuration: InlinePtr #cards 5 size 8 Array Of Cards #cards 12 size 40 Howl #buckets 4 coarsen threshold 1843 Howl Bitmap #cards 512 size 80 coarsen threshold 460 Card regions per heap region 1 cards per card region 2048

Heap:
 garbage-first heap   total 0K, used 0K [0x0000000081a00000, 0x0000000100000000)
  region size 1024K, 0 young (0K), 0 survivors (0K)
 Metaspace       used 0K, committed 0K, reserved 0K
  class space    used 0K, committed 0K, reserved 0K

Heap Regions: E=young(eden), S=young(survivor), O=old, HS=humongous(starts), HC=humongous(continues), CS=collection set, F=free, TAMS=top-at-mark-start, PB=parsable bottom

Card table byte_map: [0x000001c6af1b0000,0x000001c6af5b0000] _byte_map_base: 0x000001c6aeda3000

Marking Bits: (CMBitMap*) 0x000001c69be62e30
 Bits: [0x000001c6af5b0000, 0x000001c6b1548000)

GC Heap History (0 events):
No events

Dll operation events (1 events):
Event: 0.018 Loaded shared library D:\IntelliJ IDEA 2024.3.5\jbr\bin\java.dll

Deoptimization events (0 events):
No events

Classes loaded (0 events):
No events

Classes unloaded (0 events):
No events

Classes redefined (0 events):
No events

Internal exceptions (0 events):
No events

ZGC Phase Switch (0 events):
No events

VM Operations (0 events):
No events

Memory protections (0 events):
No events

Nmethod flushes (0 events):
No events

Events (0 events):
No events


Dynamic libraries:
0x00007ff608570000 - 0x00007ff60857a000 	D:\IntelliJ IDEA 2024.3.5\jbr\bin\java.exe
0x00007ff8c0330000 - 0x00007ff8c0528000 	C:\Windows\SYSTEM32\ntdll.dll
0x00007ff8bf780000 - 0x00007ff8bf842000 	C:\Windows\System32\KERNEL32.DLL
0x00007ff8bdd60000 - 0x00007ff8be05f000 	C:\Windows\System32\KERNELBASE.dll
0x00007ff8bd9d0000 - 0x00007ff8bdad0000 	C:\Windows\System32\ucrtbase.dll
0x00007ff8625b0000 - 0x00007ff8625cb000 	D:\IntelliJ IDEA 2024.3.5\jbr\bin\VCRUNTIME140.dll
0x00007ff8a4a20000 - 0x00007ff8a4a38000 	D:\IntelliJ IDEA 2024.3.5\jbr\bin\jli.dll
0x00007ff8be560000 - 0x00007ff8be6fd000 	C:\Windows\System32\USER32.dll
0x00007ff8bdc60000 - 0x00007ff8bdc82000 	C:\Windows\System32\win32u.dll
0x00007ff8bf3f0000 - 0x00007ff8bf41b000 	C:\Windows\System32\GDI32.dll
0x00007ff8bdad0000 - 0x00007ff8bdbea000 	C:\Windows\System32\gdi32full.dll
0x00007ff8bdc90000 - 0x00007ff8bdd2d000 	C:\Windows\System32\msvcp_win.dll
0x00007ff8a7900000 - 0x00007ff8a7b9a000 	C:\Windows\WinSxS\amd64_microsoft.windows.common-controls_6595b64144ccf1df_6.0.19041.4355_none_60b8b9eb71f62e16\COMCTL32.dll
0x00007ff8c0130000 - 0x00007ff8c01ce000 	C:\Windows\System32\msvcrt.dll
0x00007ff8c0260000 - 0x00007ff8c028f000 	C:\Windows\System32\IMM32.DLL
0x00007ff888170000 - 0x00007ff88817c000 	D:\IntelliJ IDEA 2024.3.5\jbr\bin\vcruntime140_1.dll
0x00007ff880ab0000 - 0x00007ff880b3d000 	D:\IntelliJ IDEA 2024.3.5\jbr\bin\msvcp140.dll
0x00007ff8625d0000 - 0x00007ff863391000 	D:\IntelliJ IDEA 2024.3.5\jbr\bin\server\jvm.dll
0x00007ff8be350000 - 0x00007ff8be3ff000 	C:\Windows\System32\ADVAPI32.dll
0x00007ff8be700000 - 0x00007ff8be79f000 	C:\Windows\System32\sechost.dll
0x00007ff8bfe20000 - 0x00007ff8bff43000 	C:\Windows\System32\RPCRT4.dll
0x00007ff8bdd30000 - 0x00007ff8bdd57000 	C:\Windows\System32\bcrypt.dll
0x00007ff8bfa00000 - 0x00007ff8bfa6b000 	C:\Windows\System32\WS2_32.dll
0x00007ff8bcf10000 - 0x00007ff8bcf5b000 	C:\Windows\SYSTEM32\POWRPROF.dll
0x00007ff89ee30000 - 0x00007ff89ee57000 	C:\Windows\SYSTEM32\WINMM.dll
0x00007ff8aa6c0000 - 0x00007ff8aa6ca000 	C:\Windows\SYSTEM32\VERSION.dll
0x00007ff8bcdd0000 - 0x00007ff8bcde2000 	C:\Windows\SYSTEM32\UMPDC.dll
0x00007ff8bb850000 - 0x00007ff8bb862000 	C:\Windows\SYSTEM32\kernel.appcore.dll
0x00007ff8625a0000 - 0x00007ff8625aa000 	D:\IntelliJ IDEA 2024.3.5\jbr\bin\jimage.dll
0x00007ff8bad40000 - 0x00007ff8baf24000 	C:\Windows\SYSTEM32\DBGHELP.DLL
0x00007ff89e6a0000 - 0x00007ff89e6d4000 	C:\Windows\SYSTEM32\dbgcore.DLL
0x00007ff8be060000 - 0x00007ff8be0e2000 	C:\Windows\System32\bcryptPrimitives.dll
0x00007ff862530000 - 0x00007ff862550000 	D:\IntelliJ IDEA 2024.3.5\jbr\bin\java.dll

dbghelp: loaded successfully - version: 4.0.5 - missing functions: none
symbol engine: initialized successfully - sym options: 0x614 - pdb path: .;D:\IntelliJ IDEA 2024.3.5\jbr\bin;C:\Windows\SYSTEM32;C:\Windows\WinSxS\amd64_microsoft.windows.common-controls_6595b64144ccf1df_6.0.19041.4355_none_60b8b9eb71f62e16;D:\IntelliJ IDEA 2024.3.5\jbr\bin\server

VM Arguments:
java_command: git4idea.http.GitAskPassApp Username for 'https://github.com': 
java_class_path (initial): D:/IntelliJ IDEA 2024.3.5/plugins/vcs-git/lib/git4idea-rt.jar;D:/IntelliJ IDEA 2024.3.5/lib/externalProcess-rt.jar
Launcher Type: SUN_STANDARD

[Global flags]
     intx CICompilerCount                          = 3                                         {product} {ergonomic}
     uint ConcGCThreads                            = 1                                         {product} {ergonomic}
     uint G1ConcRefinementThreads                  = 4                                         {product} {ergonomic}
   size_t G1HeapRegionSize                         = 1048576                                   {product} {ergonomic}
    uintx GCDrainStackTargetSize                   = 64                                        {product} {ergonomic}
   size_t InitialHeapSize                          = 134217728                                 {product} {ergonomic}
   size_t MarkStackSize                            = 4194304                                   {product} {ergonomic}
   size_t MaxHeapSize                              = 2120220672                                {product} {ergonomic}
   size_t MinHeapDeltaBytes                        = 1048576                                   {product} {ergonomic}
   size_t MinHeapSize                              = 8388608                                   {product} {ergonomic}
    uintx NonNMethodCodeHeapSize                   = 5832780                                {pd product} {ergonomic}
    uintx NonProfiledCodeHeapSize                  = 122912730                              {pd product} {ergonomic}
    uintx ProfiledCodeHeapSize                     = 122912730                              {pd product} {ergonomic}
    uintx ReservedCodeCacheSize                    = 251658240                              {pd product} {ergonomic}
     bool SegmentedCodeCache                       = true                                      {product} {ergonomic}
   size_t SoftMaxHeapSize                          = 2120220672                             {manageable} {ergonomic}
     bool UseCompressedOops                        = true                           {product lp64_product} {ergonomic}
     bool UseG1GC                                  = true                                      {product} {ergonomic}
     bool UseLargePagesIndividualAllocation        = false                                  {pd product} {ergonomic}

Logging:
Log output configuration:
 #0: stdout all=warning uptime,level,tags foldmultilines=false
 #1: stderr all=off uptime,level,tags foldmultilines=false

Environment Variables:
JAVA_HOME=C:\Program Files\Java\jre-1.8
PATH=C:\Program Files\Git\mingw64\libexec\git-core;C:\Program Files\Git\mingw64\libexec\git-core;C:\Program Files\Git\mingw64\libexec\git-core;C:\Program Files\Git\mingw64\bin;C:\Program Files\Git\usr\bin;C:\Users\VIP\bin;C:\Program Files\Common Files\Oracle\Java\javapath;C:\Program Files (x86)\Common Files\Oracle\Java\java8path;C:\Program Files (x86)\Common Files\Oracle\Java\javapath;C:\Windows\system32;C:\Windows;C:\Windows\System32\Wbem;C:\Windows\System32\WindowsPowerShell\v1.0;C:\Windows\System32\OpenSSH;C:\Program Files\MATLAB\R2023b\bin;C:\Program Files\Java\jdk-22;C:\Program Files\Java\jre-1.8\bin;C:\xampp\php;C:\ProgramData\ComposerSetup\bin;C:\Users\VIP\AppData\Roaming\nvm;C:\nvm4w\nodejs;C:\Program Files\Git\cmd;C:\Users\VIP\AppData\Local\Microsoft\WindowsApps;C:\Program Files\Java\jdk-22\bin;C:\Program Files\Java\jre-1.8\bin;C:\Users\VIP\AppData\Roaming\Composer\vendor\bin;C:\Users\VIP\Documents\Git-2.47.0.2-64-bit.exe\bin;D:\XM\php;C:\Users\VIP\AppData\Roaming\nvm;C:\nvm4w\nodejs;C:\Users\VIP\AppData\Roaming\nvm;C:\Program Files\nodejs;D:\flutter_windows_3.29.2-stable\flutter\bin
USERNAME=VIP
DISPLAY=:0.0
LC_ALL=en_US.UTF-8
TERM=xterm-256color
TMPDIR=D:\temp
OS=Windows_NT
PROCESSOR_IDENTIFIER=Intel64 Family 6 Model 78 Stepping 3, GenuineIntel
TMP=C:\Users\VIP\AppData\Local\Temp
TEMP=C:\Users\VIP\AppData\Local\Temp




Periodic native trim disabled

JNI global refs:
JNI global refs: 0, weak refs: 0

JNI global refs memory usage: 0, weak refs: 0

Process memory usage:
Resident Set Size: 10688K (0% of 8277748K total physical memory with 1097304K free physical memory)

OOME stack traces (most recent first):
Classloader memory used:

---------------  S Y S T E M  ---------------

OS:
 Windows 10 , 64 bit Build 19041 (10.0.19041.5438)
OS uptime: 0 days 2:09 hours

CPU: total 4 (initial active 4) (2 cores per cpu, 2 threads per core) family 6 model 78 stepping 3 microcode 0xd6, cx8, cmov, fxsr, ht, mmx, 3dnowpref, sse, sse2, sse3, ssse3, sse4.1, sse4.2, popcnt, lzcnt, tsc, tscinvbit, avx, avx2, aes, erms, clmul, bmi1, bmi2, rtm, adx, fma, vzeroupper, clflush, clflushopt, rdtscp, f16c
Processor Information for the first 4 processors :
  Max Mhz: 2801, Current Mhz: 2801, Mhz Limit: 2801

Memory: 4k page, system-wide physical 8083M (1071M free)
TotalPageFile size 9178M (AvailPageFile size 17M)
current process WorkingSet (physical memory assigned to process): 10M, peak: 10M
current process commit charge ("private bytes"): 51M, peak: 179M

vm_info: OpenJDK 64-Bit Server VM (21.0.6+8-b631.39) for windows-amd64 JRE (21.0.6+8-b631.39), built on 2025-02-04 by "builduser" with MS VC++ 16.10 / 16.11 (VS2019)

END.
